<?xml version="1.0" encoding="UTF-8"?>
<testng-results skipped="0" failed="0" ignored="0" total="2" passed="2">
  <reporter-output>
  </reporter-output>
  <suite name="Default suite" duration-ms="40391" started-at="2019-09-03T21:05:09Z" finished-at="2019-09-03T21:05:49Z">
    <groups>
    </groups>
    <test name="Default test" duration-ms="40391" started-at="2019-09-03T21:05:09Z" finished-at="2019-09-03T21:05:49Z">
      <class name="com.tests.LoginTest">
        <test-method status="PASS" signature="setup()[pri:0, instance:com.tests.LoginTest@67784306]" name="setup" is-config="true" duration-ms="18871" started-at="2019-09-04T02:35:09Z" finished-at="2019-09-04T02:35:28Z">
          <reporter-output>
          </reporter-output>
        </test-method> <!-- setup -->
        <test-method status="PASS" signature="freeCrmTitleTest()[pri:1, instance:com.tests.LoginTest@67784306]" name="freeCrmTitleTest" duration-ms="14" started-at="2019-09-04T02:35:28Z" finished-at="2019-09-04T02:35:28Z">
          <reporter-output>
          </reporter-output>
        </test-method> <!-- freeCrmTitleTest -->
        <test-method status="PASS" signature="tearDown()[pri:0, instance:com.tests.LoginTest@67784306]" name="tearDown" is-config="true" duration-ms="1984" started-at="2019-09-04T02:35:28Z" finished-at="2019-09-04T02:35:30Z">
          <reporter-output>
          </reporter-output>
        </test-method> <!-- tearDown -->
        <test-method status="PASS" signature="setup()[pri:0, instance:com.tests.LoginTest@67784306]" name="setup" is-config="true" duration-ms="17527" started-at="2019-09-04T02:35:30Z" finished-at="2019-09-04T02:35:47Z">
          <reporter-output>
          </reporter-output>
        </test-method> <!-- setup -->
        <test-method status="PASS" signature="freemCRMLogoTest()[pri:2, instance:com.tests.LoginTest@67784306]" name="freemCRMLogoTest" duration-ms="58" started-at="2019-09-04T02:35:47Z" finished-at="2019-09-04T02:35:47Z">
          <reporter-output>
          </reporter-output>
        </test-method> <!-- freemCRMLogoTest -->
        <test-method status="PASS" signature="tearDown()[pri:0, instance:com.tests.LoginTest@67784306]" name="tearDown" is-config="true" duration-ms="1921" started-at="2019-09-04T02:35:47Z" finished-at="2019-09-04T02:35:49Z">
          <reporter-output>
          </reporter-output>
        </test-method> <!-- tearDown -->
      </class> <!-- com.tests.LoginTest -->
    </test> <!-- Default test -->
  </suite> <!-- Default suite -->
</testng-results>
